Backend store URI not provided. Using sqlite:///mlflow.db
Registry store URI not provided. Using backend store URI.
2026/01/25 12:09:20 INFO alembic.runtime.plugins: setup plugin alembic.autogenerate.schemas
2026/01/25 12:09:20 INFO alembic.runtime.plugins: setup plugin alembic.autogenerate.tables
2026/01/25 12:09:20 INFO alembic.runtime.plugins: setup plugin alembic.autogenerate.types
2026/01/25 12:09:20 INFO alembic.runtime.plugins: setup plugin alembic.autogenerate.constraints
2026/01/25 12:09:20 INFO alembic.runtime.plugins: setup plugin alembic.autogenerate.defaults
2026/01/25 12:09:20 INFO alembic.runtime.plugins: setup plugin alembic.autogenerate.comments
2026/01/25 12:09:21 INFO mlflow.store.db.utils: Creating initial MLflow database tables...
2026/01/25 12:09:21 INFO mlflow.store.db.utils: Updating database tables
2026/01/25 12:09:21 INFO alembic.runtime.migration: Context impl SQLiteImpl.
2026/01/25 12:09:21 INFO alembic.runtime.migration: Will assume non-transactional DDL.
2026/01/25 12:09:22 INFO alembic.runtime.migration: Context impl SQLiteImpl.
2026/01/25 12:09:22 INFO alembic.runtime.migration: Will assume non-transactional DDL.
2026/01/25 12:09:23 INFO mlflow.store.db.utils: Creating initial MLflow database tables...
2026/01/25 12:09:23 INFO mlflow.store.db.utils: Updating database tables
2026/01/25 12:09:23 INFO alembic.runtime.migration: Context impl SQLiteImpl.
2026/01/25 12:09:23 INFO alembic.runtime.migration: Will assume non-transactional DDL.
[MLflow] Security middleware enabled with default settings (localhost-only). To allow connections from other hosts, use --host 0.0.0.0 and configure --allowed-hosts and --cors-allowed-origins.
INFO:     Uvicorn running on http://127.0.0.1:5000 (Press CTRL+C to quit)
INFO:     Started parent process [672]
INFO:     Started server process [20504]
INFO:     Waiting for application startup.
INFO:     Application startup complete.
INFO:     Started server process [20584]
INFO:     Waiting for application startup.
INFO:     Application startup complete.
INFO:     Started server process [12420]
INFO:     Waiting for application startup.
INFO:     Application startup complete.
INFO:     Started server process [12560]
INFO:     Waiting for application startup.
INFO:     Application startup complete.
